# JRE version: 7.0_10-b18
# Java VM: Java HotSpot(TM) Client VM (23.6-b04 mixed mode, sharing windows-x86 )
Heap
 def new generation   total 4992K, used 2490K [0x22b50000, 0x230b0000, 0x280a0000)
  eden space 4480K,  55% used [0x22b50000, 0x22dbe190, 0x22fb0000)
  from space 512K,   0% used [0x23030000, 0x230307a8, 0x230b0000)
  to   space 512K,   0% used [0x22fb0000, 0x22fb0000, 0x23030000)
 tenured generation   total 10944K, used 2491K [0x280a0000, 0x28b50000, 0x32b50000)
   the space 10944K,  22% used [0x280a0000, 0x2830ef48, 0x2830f000, 0x28b50000)
 compacting perm gen  total 12288K, used 1504K [0x32b50000, 0x33750000, 0x36b50000)
   the space 12288K,  12% used [0x32b50000, 0x32cc8378, 0x32cc8400, 0x33750000)
    ro space 10240K,  45% used [0x36b50000, 0x36fd5e50, 0x36fd6000, 0x37550000)
    rw space 12288K,  54% used [0x37550000, 0x37bd8f78, 0x37bd9000, 0x38150000)
GC Heap History (10 events):
Event: 35.718 GC heap before
{Heap before GC invocations=161 (full 1):
 def new generation   total 4992K, used 4482K [0x22b50000, 0x230b0000, 0x280a0000)
  eden space 4480K, 100% used [0x22b50000, 0x22fb0000, 0x22fb0000)
  from space 512K,   0% used [0x22fb0000, 0x22fb08a8, 0x23030000)
  to   space 512K,   0% used [0x23030000, 0x23030000, 0x230b0000)
 tenured generation   total 10944K, used 2491K [0x280a0000, 0x28b50000, 0x32b50000)
   the space 10944K,  22% used [0x280a0000, 0x2830ef48, 0x2830f000, 0x28b50000)
 compacting perm gen  total 12288K, used 1504K [0x32b50000, 0x33750000, 0x36b50000)
   the space 12288K,  12% used [0x32b50000, 0x32cc8368, 0x32cc8400, 0x33750000)
    ro space 10240K,  45% used [0x36b50000, 0x36fd5e50, 0x36fd6000, 0x37550000)
    rw space 12288K,  54% used [0x37550000, 0x37bd8f78, 0x37bd9000, 0x38150000)
Event: 35.719 GC heap after
Heap after GC invocations=162 (full 1):
 def new generation   total 4992K, used 1K [0x22b50000, 0x230b0000, 0x280a0000)
  eden space 4480K,   0% used [0x22b50000, 0x22b50000, 0x22fb0000)
  from space 512K,   0% used [0x23030000, 0x230307d8, 0x230b0000)
  to   space 512K,   0% used [0x22fb0000, 0x22fb0000, 0x23030000)
 tenured generation   total 10944K, used 2491K [0x280a0000, 0x28b50000, 0x32b50000)
   the space 10944K,  22% used [0x280a0000, 0x2830ef48, 0x2830f000, 0x28b50000)
 compacting perm gen  total 12288K, used 1504K [0x32b50000, 0x33750000, 0x36b50000)
   the space 12288K,  12% used [0x32b50000, 0x32cc8368, 0x32cc8400, 0x33750000)
    ro space 10240K,  45% used [0x36b50000, 0x36fd5e50, 0x36fd6000, 0x37550000)
    rw space 12288K,  54% used [0x37550000, 0x37bd8f78, 0x37bd9000, 0x38150000)
}
Event: 35.936 GC heap before
{Heap before GC invocations=162 (full 1):
 def new generation   total 4992K, used 4481K [0x22b50000, 0x230b0000, 0x280a0000)
  eden space 4480K, 100% used [0x22b50000, 0x22fb0000, 0x22fb0000)
  from space 512K,   0% used [0x23030000, 0x230307d8, 0x230b0000)
  to   space 512K,   0% used [0x22fb0000, 0x22fb0000, 0x23030000)
 tenured generation   total 10944K, used 2491K [0x280a0000, 0x28b50000, 0x32b50000)
   the space 10944K,  22% used [0x280a0000, 0x2830ef48, 0x2830f000, 0x28b50000)
 compacting perm gen  total 12288K, used 1504K [0x32b50000, 0x33750000, 0x36b50000)
   the space 12288K,  12% used [0x32b50000, 0x32cc8368, 0x32cc8400, 0x33750000)
    ro space 10240K,  45% used [0x36b50000, 0x36fd5e50, 0x36fd6000, 0x37550000)
    rw space 12288K,  54% used [0x37550000, 0x37bd8f78, 0x37bd9000, 0x38150000)
Event: 35.937 GC heap after
Heap after GC invocations=163 (full 1):
 def new generation   total 4992K, used 2K [0x22b50000, 0x230b0000, 0x280a0000)
  eden space 4480K,   0% used [0x22b50000, 0x22b50000, 0x22fb0000)
  from space 512K,   0% used [0x22fb0000, 0x22fb0880, 0x23030000)
  to   space 512K,   0% used [0x23030000, 0x23030000, 0x230b0000)
 tenured generation   total 10944K, used 2491K [0x280a0000, 0x28b50000, 0x32b50000)
   the space 10944K,  22% used [0x280a0000, 0x2830ef48, 0x2830f000, 0x28b50000)
 compacting perm gen  total 12288K, used 1504K [0x32b50000, 0x33750000, 0x36b50000)
   the space 12288K,  12% used [0x32b50000, 0x32cc8368, 0x32cc8400, 0x33750000)
    ro space 10240K,  45% used [0x36b50000, 0x36fd5e50, 0x36fd6000, 0x37550000)
    rw space 12288K,  54% used [0x37550000, 0x37bd8f78, 0x37bd9000, 0x38150000)
}
Event: 36.154 GC heap before
{Heap before GC invocations=163 (full 1):
 def new generation   total 4992K, used 4482K [0x22b50000, 0x230b0000, 0x280a0000)
  eden space 4480K, 100% used [0x22b50000, 0x22fb0000, 0x22fb0000)
  from space 512K,   0% used [0x22fb0000, 0x22fb0880, 0x23030000)
  to   space 512K,   0% used [0x23030000, 0x23030000, 0x230b0000)
 tenured generation   total 10944K, used 2491K [0x280a0000, 0x28b50000, 0x32b50000)
   the space 10944K,  22% used [0x280a0000, 0x2830ef48, 0x2830f000, 0x28b50000)
 compacting perm gen  total 12288K, used 1504K [0x32b50000, 0x33750000, 0x36b50000)
   the space 12288K,  12% used [0x32b50000, 0x32cc8368, 0x32cc8400, 0x33750000)
    ro space 10240K,  45% used [0x36b50000, 0x36fd5e50, 0x36fd6000, 0x37550000)
    rw space 12288K,  54% used [0x37550000, 0x37bd8f78, 0x37bd9000, 0x38150000)
Event: 36.155 GC heap after
Heap after GC invocations=164 (full 1):
 def new generation   total 4992K, used 1K [0x22b50000, 0x230b0000, 0x280a0000)
  eden space 4480K,   0% used [0x22b50000, 0x22b50000, 0x22fb0000)
  from space 512K,   0% used [0x23030000, 0x230307d8, 0x230b0000)
  to   space 512K,   0% used [0x22fb0000, 0x22fb0000, 0x23030000)
 tenured generation   total 10944K, used 2491K [0x280a0000, 0x28b50000, 0x32b50000)
   the space 10944K,  22% used [0x280a0000, 0x2830ef48, 0x2830f000, 0x28b50000)
 compacting perm gen  total 12288K, used 1504K [0x32b50000, 0x33750000, 0x36b50000)
   the space 12288K,  12% used [0x32b50000, 0x32cc8368, 0x32cc8400, 0x33750000)
    ro space 10240K,  45% used [0x36b50000, 0x36fd5e50, 0x36fd6000, 0x37550000)
    rw space 12288K,  54% used [0x37550000, 0x37bd8f78, 0x37bd9000, 0x38150000)
}
Event: 36.370 GC heap before
{Heap before GC invocations=164 (full 1):
 def new generation   total 4992K, used 4481K [0x22b50000, 0x230b0000, 0x280a0000)
  eden space 4480K, 100% used [0x22b50000, 0x22fb0000, 0x22fb0000)
  from space 512K,   0% used [0x23030000, 0x230307d8, 0x230b0000)
  to   space 512K,   0% used [0x22fb0000, 0x22fb0000, 0x23030000)
 tenured generation   total 10944K, used 2491K [0x280a0000, 0x28b50000, 0x32b50000)
   the space 10944K,  22% used [0x280a0000, 0x2830ef48, 0x2830f000, 0x28b50000)
 compacting perm gen  total 12288K, used 1504K [0x32b50000, 0x33750000, 0x36b50000)
   the space 12288K,  12% used [0x32b50000, 0x32cc8368, 0x32cc8400, 0x33750000)
    ro space 10240K,  45% used [0x36b50000, 0x36fd5e50, 0x36fd6000, 0x37550000)
    rw space 12288K,  54% used [0x37550000, 0x37bd8f78, 0x37bd9000, 0x38150000)
Event: 36.370 GC heap after
Heap after GC invocations=165 (full 1):
 def new generation   total 4992K, used 1K [0x22b50000, 0x230b0000, 0x280a0000)
  eden space 4480K,   0% used [0x22b50000, 0x22b50000, 0x22fb0000)
  from space 512K,   0% used [0x22fb0000, 0x22fb0798, 0x23030000)
  to   space 512K,   0% used [0x23030000, 0x23030000, 0x230b0000)
 tenured generation   total 10944K, used 2491K [0x280a0000, 0x28b50000, 0x32b50000)
   the space 10944K,  22% used [0x280a0000, 0x2830ef48, 0x2830f000, 0x28b50000)
 compacting perm gen  total 12288K, used 1504K [0x32b50000, 0x33750000, 0x36b50000)
   the space 12288K,  12% used [0x32b50000, 0x32cc8368, 0x32cc8400, 0x33750000)
    ro space 10240K,  45% used [0x36b50000, 0x36fd5e50, 0x36fd6000, 0x37550000)
    rw space 12288K,  54% used [0x37550000, 0x37bd8f78, 0x37bd9000, 0x38150000)
}
Event: 36.585 GC heap before
{Heap before GC invocations=165 (full 1):
 def new generation   total 4992K, used 4481K [0x22b50000, 0x230b0000, 0x280a0000)
  eden space 4480K, 100% used [0x22b50000, 0x22fb0000, 0x22fb0000)
  from space 512K,   0% used [0x22fb0000, 0x22fb0798, 0x23030000)
  to   space 512K,   0% used [0x23030000, 0x23030000, 0x230b0000)
 tenured generation   total 10944K, used 2491K [0x280a0000, 0x28b50000, 0x32b50000)
   the space 10944K,  22% used [0x280a0000, 0x2830ef48, 0x2830f000, 0x28b50000)
 compacting perm gen  total 12288K, used 1504K [0x32b50000, 0x33750000, 0x36b50000)
   the space 12288K,  12% used [0x32b50000, 0x32cc8368, 0x32cc8400, 0x33750000)
    ro space 10240K,  45% used [0x36b50000, 0x36fd5e50, 0x36fd6000, 0x37550000)
    rw space 12288K,  54% used [0x37550000, 0x37bd8f78, 0x37bd9000, 0x38150000)
Event: 36.585 GC heap after
Heap after GC invocations=166 (full 1):
 def new generation   total 4992K, used 1K [0x22b50000, 0x230b0000, 0x280a0000)
  eden space 4480K,   0% used [0x22b50000, 0x22b50000, 0x22fb0000)
  from space 512K,   0% used [0x23030000, 0x230307a8, 0x230b0000)
  to   space 512K,   0% used [0x22fb0000, 0x22fb0000, 0x23030000)
 tenured generation   total 10944K, used 2491K [0x280a0000, 0x28b50000, 0x32b50000)
   the space 10944K,  22% used [0x280a0000, 0x2830ef48, 0x2830f000, 0x28b50000)
 compacting perm gen  total 12288K, used 1504K [0x32b50000, 0x33750000, 0x36b50000)
   the space 12288K,  12% used [0x32b50000, 0x32cc8368, 0x32cc8400, 0x33750000)
    ro space 10240K,  45% used [0x36b50000, 0x36fd5e50, 0x36fd6000, 0x37550000)
    rw space 12288K,  54% used [0x37550000, 0x37bd8f78, 0x37bd9000, 0x38150000)
}

